  [1m[35m (725.0ms)[0m  [1m[35mCREATE DATABASE "readysteadycode_development" ENCODING = 'unicode'[0m
  [1m[35m (575.8ms)[0m  [1m[35mCREATE DATABASE "readysteadycode_test" ENCODING = 'unicode'[0m
  [1m[35m (34.1ms)[0m  [1m[35mCREATE TABLE "schema_migrations" ("version" character varying NOT NULL PRIMARY KEY)[0m
  [1m[35m (9.3ms)[0m  [1m[35mCREATE TABLE "ar_internal_metadata" ("key" character varying NOT NULL PRIMARY KEY, "value" character varying, "created_at" timestamp(6) NOT NULL, "updated_at" timestamp(6) NOT NULL)[0m
  [1m[35m (1.3ms)[0m  [1m[34mSELECT pg_try_advisory_lock(3274894626456027435)[0m
  [1m[35m (1.1ms)[0m  [1m[34mSELECT "schema_migrations"."version" FROM "schema_migrations" ORDER BY "schema_migrations"."version" ASC[0m
  [1m[36mActiveRecord::InternalMetadata Load (0.9ms)[0m  [1m[34mSELECT "ar_internal_metadata".* FROM "ar_internal_metadata" WHERE "ar_internal_metadata"."key" = $1 LIMIT $2[0m  [["key", "environment"], ["LIMIT", 1]]
  [1m[35m (0.1ms)[0m  [1m[35mBEGIN[0m
  [1m[36mActiveRecord::InternalMetadata Create (8.7ms)[0m  [1m[32mINSERT INTO "ar_internal_metadata" ("key", "value", "created_at", "updated_at") VALUES ($1, $2, $3, $4) RETURNING "key"[0m  [["key", "environment"], ["value", "development"], ["created_at", "2020-05-05 07:14:47.118996"], ["updated_at", "2020-05-05 07:14:47.118996"]]
  [1m[35m (3.9ms)[0m  [1m[35mCOMMIT[0m
  [1m[35m (0.3ms)[0m  [1m[34mSELECT pg_advisory_unlock(3274894626456027435)[0m
  [1m[35m (0.5ms)[0m  [1m[34mSELECT "schema_migrations"."version" FROM "schema_migrations" ORDER BY "schema_migrations"."version" ASC[0m
Started GET "/" for ::1 at 2020-05-05 17:15:25 +1000
Processing by Rails::WelcomeController#index as HTML
  Rendering /Users/aidenwaring/.rbenv/versions/2.7.0/lib/ruby/gems/2.7.0/gems/railties-6.0.2.2/lib/rails/templates/rails/welcome/index.html.erb
  Rendered /Users/aidenwaring/.rbenv/versions/2.7.0/lib/ruby/gems/2.7.0/gems/railties-6.0.2.2/lib/rails/templates/rails/welcome/index.html.erb (Duration: 16.4ms | Allocations: 409)
Completed 200 OK in 34ms (Views: 22.7ms | ActiveRecord: 0.0ms | Allocations: 2508)


  [1m[35m (1154.9ms)[0m  [1m[35mCREATE DATABASE "readysteadycode_development" ENCODING = 'unicode'[0m
  [1m[35m (633.4ms)[0m  [1m[35mCREATE DATABASE "readysteadycode_test" ENCODING = 'unicode'[0m
  [1m[35mSQL (0.7ms)[0m  [1m[35mCREATE EXTENSION IF NOT EXISTS "plpgsql"[0m
  [1m[35m (38.4ms)[0m  [1m[35mCREATE TABLE "schema_migrations" ("version" character varying NOT NULL PRIMARY KEY)[0m
  [1m[35m (1.3ms)[0m  [1m[34mSELECT "schema_migrations"."version" FROM "schema_migrations" ORDER BY "schema_migrations"."version" ASC[0m
  [1m[35m (6.7ms)[0m  [1m[32mINSERT INTO "schema_migrations" (version) VALUES (0)[0m
  [1m[35m (23.7ms)[0m  [1m[35mCREATE TABLE "ar_internal_metadata" ("key" character varying NOT NULL PRIMARY KEY, "value" character varying, "created_at" timestamp(6) NOT NULL, "updated_at" timestamp(6) NOT NULL)[0m
  [1m[36mActiveRecord::InternalMetadata Load (12.5ms)[0m  [1m[34mSELECT "ar_internal_metadata".* FROM "ar_internal_metadata" WHERE "ar_internal_metadata"."key" = $1 LIMIT $2[0m  [["key", "environment"], ["LIMIT", 1]]
  [1m[35m (0.3ms)[0m  [1m[35mBEGIN[0m
  [1m[36mActiveRecord::InternalMetadata Create (1.6ms)[0m  [1m[32mINSERT INTO "ar_internal_metadata" ("key", "value", "created_at", "updated_at") VALUES ($1, $2, $3, $4) RETURNING "key"[0m  [["key", "environment"], ["value", "development"], ["created_at", "2020-05-06 05:20:02.457357"], ["updated_at", "2020-05-06 05:20:02.457357"]]
  [1m[35m (1.5ms)[0m  [1m[35mCOMMIT[0m
  [1m[36mActiveRecord::InternalMetadata Load (3.1ms)[0m  [1m[34mSELECT "ar_internal_metadata".* FROM "ar_internal_metadata" WHERE "ar_internal_metadata"."key" = $1 LIMIT $2[0m  [["key", "environment"], ["LIMIT", 1]]
  [1m[36mActiveRecord::InternalMetadata Load (3.2ms)[0m  [1m[34mSELECT "ar_internal_metadata".* FROM "ar_internal_metadata" WHERE "ar_internal_metadata"."key" = $1 LIMIT $2[0m  [["key", "schema_sha1"], ["LIMIT", 1]]
  [1m[35m (0.3ms)[0m  [1m[35mBEGIN[0m
  [1m[36mActiveRecord::InternalMetadata Create (0.7ms)[0m  [1m[32mINSERT INTO "ar_internal_metadata" ("key", "value", "created_at", "updated_at") VALUES ($1, $2, $3, $4) RETURNING "key"[0m  [["key", "schema_sha1"], ["value", "83e6e9510955ef04f606b0339b1f0d53760104f9"], ["created_at", "2020-05-06 05:20:02.483352"], ["updated_at", "2020-05-06 05:20:02.483352"]]
  [1m[35m (6.2ms)[0m  [1m[35mCOMMIT[0m
  [1m[35mSQL (2.2ms)[0m  [1m[35mCREATE EXTENSION IF NOT EXISTS "plpgsql"[0m
  [1m[35m (67.6ms)[0m  [1m[35mCREATE TABLE "schema_migrations" ("version" character varying NOT NULL PRIMARY KEY)[0m
  [1m[35m (1.3ms)[0m  [1m[34mSELECT "schema_migrations"."version" FROM "schema_migrations" ORDER BY "schema_migrations"."version" ASC[0m
  [1m[35m (27.8ms)[0m  [1m[32mINSERT INTO "schema_migrations" (version) VALUES (0)[0m
  [1m[35m (41.7ms)[0m  [1m[35mCREATE TABLE "ar_internal_metadata" ("key" character varying NOT NULL PRIMARY KEY, "value" character varying, "created_at" timestamp(6) NOT NULL, "updated_at" timestamp(6) NOT NULL)[0m
  [1m[36mActiveRecord::InternalMetadata Load (0.8ms)[0m  [1m[34mSELECT "ar_internal_metadata".* FROM "ar_internal_metadata" WHERE "ar_internal_metadata"."key" = $1 LIMIT $2[0m  [["key", "environment"], ["LIMIT", 1]]
  [1m[35m (0.3ms)[0m  [1m[35mBEGIN[0m
  [1m[36mActiveRecord::InternalMetadata Create (1.2ms)[0m  [1m[32mINSERT INTO "ar_internal_metadata" ("key", "value", "created_at", "updated_at") VALUES ($1, $2, $3, $4) RETURNING "key"[0m  [["key", "environment"], ["value", "development"], ["created_at", "2020-05-06 05:20:02.768507"], ["updated_at", "2020-05-06 05:20:02.768507"]]
  [1m[35m (1.6ms)[0m  [1m[35mCOMMIT[0m
  [1m[36mActiveRecord::InternalMetadata Load (0.5ms)[0m  [1m[34mSELECT "ar_internal_metadata".* FROM "ar_internal_metadata" WHERE "ar_internal_metadata"."key" = $1 LIMIT $2[0m  [["key", "environment"], ["LIMIT", 1]]
  [1m[35m (0.6ms)[0m  [1m[35mBEGIN[0m
  [1m[36mActiveRecord::InternalMetadata Update (0.6ms)[0m  [1m[33mUPDATE "ar_internal_metadata" SET "value" = $1, "updated_at" = $2 WHERE "ar_internal_metadata"."key" = $3[0m  [["value", "test"], ["updated_at", "2020-05-06 05:20:02.782221"], ["key", "environment"]]
  [1m[35m (2.2ms)[0m  [1m[35mCOMMIT[0m
  [1m[36mActiveRecord::InternalMetadata Load (0.5ms)[0m  [1m[34mSELECT "ar_internal_metadata".* FROM "ar_internal_metadata" WHERE "ar_internal_metadata"."key" = $1 LIMIT $2[0m  [["key", "schema_sha1"], ["LIMIT", 1]]
  [1m[35m (0.3ms)[0m  [1m[35mBEGIN[0m
  [1m[36mActiveRecord::InternalMetadata Create (0.6ms)[0m  [1m[32mINSERT INTO "ar_internal_metadata" ("key", "value", "created_at", "updated_at") VALUES ($1, $2, $3, $4) RETURNING "key"[0m  [["key", "schema_sha1"], ["value", "83e6e9510955ef04f606b0339b1f0d53760104f9"], ["created_at", "2020-05-06 05:20:02.800271"], ["updated_at", "2020-05-06 05:20:02.800271"]]
  [1m[35m (1.5ms)[0m  [1m[35mCOMMIT[0m
  [1m[35m (2.7ms)[0m  [1m[34mSELECT "schema_migrations"."version" FROM "schema_migrations" ORDER BY "schema_migrations"."version" ASC[0m
  [1m[35m (0.7ms)[0m  [1m[34mSELECT pg_try_advisory_lock(3274894626456027435)[0m
  [1m[35m (6.3ms)[0m  [1m[34mSELECT "schema_migrations"."version" FROM "schema_migrations" ORDER BY "schema_migrations"."version" ASC[0m
  [1m[36mActiveRecord::InternalMetadata Load (2.9ms)[0m  [1m[34mSELECT "ar_internal_metadata".* FROM "ar_internal_metadata" WHERE "ar_internal_metadata"."key" = $1 LIMIT $2[0m  [["key", "environment"], ["LIMIT", 1]]
  [1m[35m (0.6ms)[0m  [1m[34mSELECT pg_advisory_unlock(3274894626456027435)[0m
  [1m[35m (1.4ms)[0m  [1m[34mSELECT "schema_migrations"."version" FROM "schema_migrations" ORDER BY "schema_migrations"."version" ASC[0m
Started GET "/" for ::1 at 2020-05-06 15:21:43 +1000
Processing by Rails::WelcomeController#index as HTML
  Rendering /Users/gab/.rbenv/versions/2.7.0/lib/ruby/gems/2.7.0/gems/railties-6.0.2.2/lib/rails/templates/rails/welcome/index.html.erb
  Rendered /Users/gab/.rbenv/versions/2.7.0/lib/ruby/gems/2.7.0/gems/railties-6.0.2.2/lib/rails/templates/rails/welcome/index.html.erb (Duration: 78.1ms | Allocations: 409)
Completed 200 OK in 175ms (Views: 100.4ms | ActiveRecord: 0.0ms | Allocations: 2367)


  [1m[35m (1.3ms)[0m  [1m[34mSELECT pg_try_advisory_lock(3274894626456027435)[0m
  [1m[35m (2.2ms)[0m  [1m[34mSELECT "schema_migrations"."version" FROM "schema_migrations" ORDER BY "schema_migrations"."version" ASC[0m
Migrating to CreateUsers (20200506052317)
  [1m[35m (0.4ms)[0m  [1m[35mBEGIN[0m
  [1m[35m (54.2ms)[0m  [1m[35mCREATE TABLE "users" ("id" bigserial primary key, "user_name" character varying, "email" character varying, "password" character varying, "created_at" timestamp(6) NOT NULL, "updated_at" timestamp(6) NOT NULL)[0m
  [1m[36mprimary::SchemaMigration Create (0.6ms)[0m  [1m[32mINSERT INTO "schema_migrations" ("version") VALUES ($1) RETURNING "version"[0m  [["version", "20200506052317"]]
  [1m[35m (2.1ms)[0m  [1m[35mCOMMIT[0m
  [1m[36mActiveRecord::InternalMetadata Load (0.7ms)[0m  [1m[34mSELECT "ar_internal_metadata".* FROM "ar_internal_metadata" WHERE "ar_internal_metadata"."key" = $1 LIMIT $2[0m  [["key", "environment"], ["LIMIT", 1]]
  [1m[35m (0.5ms)[0m  [1m[34mSELECT pg_advisory_unlock(3274894626456027435)[0m
  [1m[35m (3.3ms)[0m  [1m[34mSELECT "schema_migrations"."version" FROM "schema_migrations" ORDER BY "schema_migrations"."version" ASC[0m
Started GET "/" for ::1 at 2020-05-06 15:24:38 +1000
  [1m[35m (3.4ms)[0m  [1m[34mSELECT "schema_migrations"."version" FROM "schema_migrations" ORDER BY "schema_migrations"."version" ASC[0m
Processing by Rails::WelcomeController#index as HTML
  Rendering /Users/gab/.rbenv/versions/2.7.0/lib/ruby/gems/2.7.0/gems/railties-6.0.2.2/lib/rails/templates/rails/welcome/index.html.erb
  Rendered /Users/gab/.rbenv/versions/2.7.0/lib/ruby/gems/2.7.0/gems/railties-6.0.2.2/lib/rails/templates/rails/welcome/index.html.erb (Duration: 29.1ms | Allocations: 184)
Completed 200 OK in 83ms (Views: 31.1ms | ActiveRecord: 0.0ms | Allocations: 2196)


Started GET "/user" for ::1 at 2020-05-06 15:24:43 +1000
  
ActionController::RoutingError (No route matches [GET] "/user"):
  
actionpack (6.0.2.2) lib/action_dispatch/middleware/debug_exceptions.rb:36:in `call'
web-console (4.0.1) lib/web_console/middleware.rb:132:in `call_app'
web-console (4.0.1) lib/web_console/middleware.rb:28:in `block in call'
web-console (4.0.1) lib/web_console/middleware.rb:17:in `catch'
web-console (4.0.1) lib/web_console/middleware.rb:17:in `call'
actionpack (6.0.2.2) lib/action_dispatch/middleware/show_exceptions.rb:33:in `call'
railties (6.0.2.2) lib/rails/rack/logger.rb:38:in `call_app'
railties (6.0.2.2) lib/rails/rack/logger.rb:26:in `block in call'
activesupport (6.0.2.2) lib/active_support/tagged_logging.rb:80:in `block in tagged'
activesupport (6.0.2.2) lib/active_support/tagged_logging.rb:28:in `tagged'
activesupport (6.0.2.2) lib/active_support/tagged_logging.rb:80:in `tagged'
railties (6.0.2.2) lib/rails/rack/logger.rb:26:in `call'
sprockets-rails (3.2.1) lib/sprockets/rails/quiet_assets.rb:13:in `call'
actionpack (6.0.2.2) lib/action_dispatch/middleware/remote_ip.rb:81:in `call'
actionpack (6.0.2.2) lib/action_dispatch/middleware/request_id.rb:27:in `call'
rack (2.2.2) lib/rack/method_override.rb:24:in `call'
rack (2.2.2) lib/rack/runtime.rb:22:in `call'
activesupport (6.0.2.2) lib/active_support/cache/strategy/local_cache_middleware.rb:29:in `call'
actionpack (6.0.2.2) lib/action_dispatch/middleware/executor.rb:14:in `call'
actionpack (6.0.2.2) lib/action_dispatch/middleware/static.rb:126:in `call'
rack (2.2.2) lib/rack/sendfile.rb:110:in `call'
actionpack (6.0.2.2) lib/action_dispatch/middleware/host_authorization.rb:83:in `call'
webpacker (4.2.2) lib/webpacker/dev_server_proxy.rb:23:in `perform_request'
rack-proxy (0.6.5) lib/rack/proxy.rb:57:in `call'
railties (6.0.2.2) lib/rails/engine.rb:526:in `call'
puma (4.3.3) lib/puma/configuration.rb:228:in `call'
puma (4.3.3) lib/puma/server.rb:682:in `handle_request'
puma (4.3.3) lib/puma/server.rb:472:in `process_client'
puma (4.3.3) lib/puma/server.rb:328:in `block in run'
puma (4.3.3) lib/puma/thread_pool.rb:134:in `block in spawn_thread'
Started GET "/new_user" for ::1 at 2020-05-06 15:24:53 +1000
  
ActionController::RoutingError (No route matches [GET] "/new_user"):
  
actionpack (6.0.2.2) lib/action_dispatch/middleware/debug_exceptions.rb:36:in `call'
web-console (4.0.1) lib/web_console/middleware.rb:132:in `call_app'
web-console (4.0.1) lib/web_console/middleware.rb:28:in `block in call'
web-console (4.0.1) lib/web_console/middleware.rb:17:in `catch'
web-console (4.0.1) lib/web_console/middleware.rb:17:in `call'
actionpack (6.0.2.2) lib/action_dispatch/middleware/show_exceptions.rb:33:in `call'
railties (6.0.2.2) lib/rails/rack/logger.rb:38:in `call_app'
railties (6.0.2.2) lib/rails/rack/logger.rb:26:in `block in call'
activesupport (6.0.2.2) lib/active_support/tagged_logging.rb:80:in `block in tagged'
activesupport (6.0.2.2) lib/active_support/tagged_logging.rb:28:in `tagged'
activesupport (6.0.2.2) lib/active_support/tagged_logging.rb:80:in `tagged'
railties (6.0.2.2) lib/rails/rack/logger.rb:26:in `call'
sprockets-rails (3.2.1) lib/sprockets/rails/quiet_assets.rb:13:in `call'
actionpack (6.0.2.2) lib/action_dispatch/middleware/remote_ip.rb:81:in `call'
actionpack (6.0.2.2) lib/action_dispatch/middleware/request_id.rb:27:in `call'
rack (2.2.2) lib/rack/method_override.rb:24:in `call'
rack (2.2.2) lib/rack/runtime.rb:22:in `call'
activesupport (6.0.2.2) lib/active_support/cache/strategy/local_cache_middleware.rb:29:in `call'
actionpack (6.0.2.2) lib/action_dispatch/middleware/executor.rb:14:in `call'
actionpack (6.0.2.2) lib/action_dispatch/middleware/static.rb:126:in `call'
rack (2.2.2) lib/rack/sendfile.rb:110:in `call'
actionpack (6.0.2.2) lib/action_dispatch/middleware/host_authorization.rb:83:in `call'
webpacker (4.2.2) lib/webpacker/dev_server_proxy.rb:23:in `perform_request'
rack-proxy (0.6.5) lib/rack/proxy.rb:57:in `call'
railties (6.0.2.2) lib/rails/engine.rb:526:in `call'
puma (4.3.3) lib/puma/configuration.rb:228:in `call'
puma (4.3.3) lib/puma/server.rb:682:in `handle_request'
puma (4.3.3) lib/puma/server.rb:472:in `process_client'
puma (4.3.3) lib/puma/server.rb:328:in `block in run'
puma (4.3.3) lib/puma/thread_pool.rb:134:in `block in spawn_thread'
Started GET "/users" for ::1 at 2020-05-06 15:25:04 +1000
Processing by UsersController#index as HTML
  Rendering users/index.html.erb within layouts/application
  [1m[36mUser Load (23.9ms)[0m  [1m[34mSELECT "users".* FROM "users"[0m
  ↳ app/views/users/index.html.erb:16
  Rendered users/index.html.erb within layouts/application (Duration: 33.3ms | Allocations: 1359)
[Webpacker] Compiling...
[Webpacker] Compilation failed:

Completed 500 Internal Server Error in 11830ms (ActiveRecord: 26.0ms | Allocations: 23302)


  
ActionView::Template::Error (Webpacker can't find application in /Users/gab/projects/rails/recipie-app/public/packs/manifest.json. Possible causes:
1. You want to set webpacker.yml value of compile to true for your environment
   unless you are using the `webpack -w` or the webpack-dev-server.
2. webpack has not yet re-run to reflect updates.
3. You have misconfigured Webpacker's config/webpacker.yml file.
4. Your webpack configuration is not creating a manifest.
Your manifest contains:
{
}
):
     6:     <%= csp_meta_tag %>
     7: 
     8:     <%= stylesheet_link_tag 'application', media: 'all', 'data-turbolinks-track': 'reload' %>
     9:     <%= javascript_pack_tag 'application', 'data-turbolinks-track': 'reload' %>
    10:   </head>
    11: 
    12:   <body>
  
app/views/layouts/application.html.erb:9
Started GET "/users" for ::1 at 2020-05-06 15:25:37 +1000
  [1m[35m (2.9ms)[0m  [1m[34mSELECT "schema_migrations"."version" FROM "schema_migrations" ORDER BY "schema_migrations"."version" ASC[0m
Processing by UsersController#index as HTML
  Rendering users/index.html.erb within layouts/application
  [1m[36mUser Load (0.8ms)[0m  [1m[34mSELECT "users".* FROM "users"[0m
  ↳ app/views/users/index.html.erb:16
  Rendered users/index.html.erb within layouts/application (Duration: 12.9ms | Allocations: 1460)
[Webpacker] Compiling...
[Webpacker] Compiled all packs in /Users/gab/projects/rails/recipie-app/public/packs
[Webpacker] Hash: 32e57f147dbdcbbf0c82
Version: webpack 4.43.0
Time: 6426ms
Built at: 06/05/2020 3:25:51 pm
                                     Asset       Size       Chunks                         Chunk Names
    js/application-bbe9c4a129ab949e0636.js    124 KiB  application  [emitted] [immutable]  application
js/application-bbe9c4a129ab949e0636.js.map    139 KiB  application  [emitted] [dev]        application
                             manifest.json  364 bytes               [emitted]              
Entrypoint application = js/application-bbe9c4a129ab949e0636.js js/application-bbe9c4a129ab949e0636.js.map
[./app/javascript/channels sync recursive _channel\.js$] ./app/javascript/channels sync _channel\.js$ 160 bytes {application} [built]
[./app/javascript/channels/index.js] 211 bytes {application} [built]
[./app/javascript/packs/application.js] 749 bytes {application} [built]
[./node_modules/webpack/buildin/module.js] (webpack)/buildin/module.js 552 bytes {application} [built]
    + 3 hidden modules

Completed 200 OK in 13546ms (Views: 13522.4ms | ActiveRecord: 5.4ms | Allocations: 10457)


Started GET "/users/new" for ::1 at 2020-05-06 15:25:53 +1000
Processing by UsersController#new as HTML
  Rendering users/new.html.erb within layouts/application
  Rendered users/_form.html.erb (Duration: 52.9ms | Allocations: 6749)
  Rendered users/new.html.erb within layouts/application (Duration: 57.7ms | Allocations: 7086)
[Webpacker] Everything's up-to-date. Nothing to do
Completed 200 OK in 89ms (Views: 67.0ms | ActiveRecord: 12.5ms | Allocations: 13839)


Started POST "/users" for ::1 at 2020-05-06 15:26:16 +1000
Processing by UsersController#create as HTML
  Parameters: {"authenticity_token"=>"drOIV3Crtfc4TYDZcqYt6dWYjghRPCOEkzwsRqpKpGF0fp7gtizYBjyNbnbqy0d4+lGiSFqq7qnIozzMPJzfxg==", "user"=>{"user_name"=>"Gordan Ramsey", "email"=>"gordanramsy@hellskitchen.com", "password"=>"[FILTERED]"}, "commit"=>"Create User"}
  [1m[35m (0.7ms)[0m  [1m[35mBEGIN[0m
  ↳ app/controllers/users_controller.rb:30:in `block in create'
  [1m[36mUser Create (1.7ms)[0m  [1m[32mINSERT INTO "users" ("user_name", "email", "password", "created_at", "updated_at") VALUES ($1, $2, $3, $4, $5) RETURNING "id"[0m  [["user_name", "Gordan Ramsey"], ["email", "gordanramsy@hellskitchen.com"], ["password", "Ihateeveryone"], ["created_at", "2020-05-06 05:26:16.743643"], ["updated_at", "2020-05-06 05:26:16.743643"]]
  ↳ app/controllers/users_controller.rb:30:in `block in create'
  [1m[35m (3.0ms)[0m  [1m[35mCOMMIT[0m
  ↳ app/controllers/users_controller.rb:30:in `block in create'
Redirected to http://localhost:3000/users/1
Completed 302 Found in 56ms (ActiveRecord: 5.4ms | Allocations: 2804)


Started GET "/users/1" for ::1 at 2020-05-06 15:26:16 +1000
Processing by UsersController#show as HTML
  Parameters: {"id"=>"1"}
  [1m[36mUser Load (0.5ms)[0m  [1m[34mSELECT "users".* FROM "users" WHERE "users"."id" = $1 LIMIT $2[0m  [["id", 1], ["LIMIT", 1]]
  ↳ app/controllers/users_controller.rb:67:in `set_user'
  Rendering users/show.html.erb within layouts/application
  Rendered users/show.html.erb within layouts/application (Duration: 2.8ms | Allocations: 279)
[Webpacker] Everything's up-to-date. Nothing to do
Completed 200 OK in 40ms (Views: 31.5ms | ActiveRecord: 0.8ms | Allocations: 5242)


Started GET "/users" for ::1 at 2020-05-06 15:26:20 +1000
Processing by UsersController#index as HTML
  Rendering users/index.html.erb within layouts/application
  [1m[36mUser Load (1.2ms)[0m  [1m[34mSELECT "users".* FROM "users"[0m
  ↳ app/views/users/index.html.erb:16
  Rendered users/index.html.erb within layouts/application (Duration: 4.7ms | Allocations: 763)
[Webpacker] Everything's up-to-date. Nothing to do
Completed 200 OK in 18ms (Views: 15.9ms | ActiveRecord: 1.2ms | Allocations: 4609)


